components/Dashboard.tsx(16,41): error TS2304: Cannot find name 'useState'.
components/Dashboard.tsx(18,5): error TS2304: Cannot find name 'useEffect'.
components/Dashboard.tsx(25,5): error TS2304: Cannot find name 'useEffect'.
frontend/src/components/Daniel/DanielView.tsx(7,46): error TS2307: Cannot find module '../../types' or its corresponding type declarations.
frontend/src/components/HandoverForm.tsx(5,30): error TS2307: Cannot find module '../types.ts' or its corresponding type declarations.
frontend/src/components/MapView.tsx(4,25): error TS2307: Cannot find module '../types.ts' or its corresponding type declarations.
frontend/src/components/PatientCard.tsx(2,39): error TS2307: Cannot find module '../types.ts' or its corresponding type declarations.
frontend/src/components/PatientIntakeForm.tsx(3,46): error TS2307: Cannot find module '../types.ts' or its corresponding type declarations.
frontend/src/components/PatientIntakeForm.tsx(361,138): error TS7006: Parameter 'p' implicitly has an 'any' type.
frontend/src/components/PatientIntakeForm.tsx(382,124): error TS7006: Parameter 'p' implicitly has an 'any' type.
frontend/src/components/PatientIntakeForm.tsx(389,120): error TS7006: Parameter 'p' implicitly has an 'any' type.
frontend/src/components/PatientIntakeForm.tsx(390,126): error TS7006: Parameter 'p' implicitly has an 'any' type.
frontend/src/components/PatientIntakeForm.tsx(397,151): error TS7006: Parameter 'p' implicitly has an 'any' type.
frontend/src/components/PatientList.tsx(2,25): error TS2307: Cannot find module '../types.ts' or its corresponding type declarations.
frontend/src/components/Register.tsx(2,22): error TS2307: Cannot find module '../types.ts' or its corresponding type declarations.
frontend/src/components/RoutePlanner.tsx(4,31): error TS2307: Cannot find module '../types.ts' or its corresponding type declarations.
frontend/src/components/ScheduleView.tsx(4,25): error TS2307: Cannot find module '../types.ts' or its corresponding type declarations.
frontend/src/components/StaffManagement.tsx(4,22): error TS2307: Cannot find module '../types.ts' or its corresponding type declarations.
frontend/src/components/WoundAssessment.tsx(49,36): error TS7006: Parameter 'v' implicitly has an 'any' type.
frontend/src/components/WoundAssessment.tsx(55,36): error TS7006: Parameter 'v' implicitly has an 'any' type.
frontend/src/components/WoundAssessment.tsx(61,36): error TS7006: Parameter 'v' implicitly has an 'any' type.
frontend/src/components/WoundAssessment.tsx(67,36): error TS7006: Parameter 'v' implicitly has an 'any' type.
frontend/src/components/WoundAssessment.tsx(73,36): error TS7006: Parameter 'v' implicitly has an 'any' type.
frontend/src/components/WoundAssessment.tsx(79,36): error TS7006: Parameter 'v' implicitly has an 'any' type.
frontend/src/components/WoundRegistry.tsx(3,38): error TS2307: Cannot find module '../types.ts' or its corresponding type declarations.
frontend/src/context/AppContext.tsx(2,72): error TS2307: Cannot find module '../types' or its corresponding type declarations.
frontend/src/data/collaborators.ts(2,22): error TS2307: Cannot find module '../types.ts' or its corresponding type declarations.
frontend/src/data/patients.ts(1,25): error TS2307: Cannot find module '../types' or its corresponding type declarations.
../shared/ui-components/AppointmentForm.tsx(1,33): error TS2307: Cannot find module 'react' or its corresponding type declarations.
../shared/ui-components/AppointmentForm.tsx(19,5): error TS7031: Binding element 'onSubmit' implicitly has an 'any' type.
../shared/ui-components/AppointmentForm.tsx(46,20): error TS7053: Element implicitly has an 'any' type because expression of type 'string' can't be used to index type '{ phoenix: { container: string; text: string; label: string; input: string; radio: string; }; polaris: { container: string; text: string; label: string; input: string; radio: string; }; }'.
  No index signature with a parameter of type 'string' was found on type '{ phoenix: { container: string; text: string; label: string; input: string; radio: string; }; polaris: { container: string; text: string; label: string; input: string; radio: string; }; }'.
../shared/ui-components/AppointmentForm.tsx(54,21): error TS7006: Parameter 'prev' implicitly has an 'any' type.
../shared/ui-components/AppointmentForm.tsx(58,9): error TS2875: This JSX tag requires the module path 'react/jsx-runtime' to exist, but none could be found. Make sure you have types for the appropriate package installed.
../shared/ui-components/Button.tsx(1,19): error TS2307: Cannot find module 'react' or its corresponding type declarations.
../shared/ui-components/Button.tsx(19,5): error TS7031: Binding element 'children' implicitly has an 'any' type.
../shared/ui-components/Button.tsx(20,5): error TS7031: Binding element 'onClick' implicitly has an 'any' type.
../shared/ui-components/Button.tsx(47,7): error TS7053: Element implicitly has an 'any' type because expression of type 'string' can't be used to index type '{ phoenix: string; polaris: string; default: string; }'.
  No index signature with a parameter of type 'string' was found on type '{ phoenix: string; polaris: string; default: string; }'.
../shared/ui-components/Button.tsx(48,7): error TS7053: Element implicitly has an 'any' type because expression of type 'string' can't be used to index type '{ sm: string; md: string; lg: string; }'.
  No index signature with a parameter of type 'string' was found on type '{ sm: string; md: string; lg: string; }'.
../shared/ui-components/Button.tsx(54,9): error TS2875: This JSX tag requires the module path 'react/jsx-runtime' to exist, but none could be found. Make sure you have types for the appropriate package installed.
../shared/ui-components/Button.tsx(55,13): error TS2322: Type 'string' is not assignable to type '"button" | "submit" | "reset" | undefined'.
../shared/ui-components/ProfileCard.tsx(1,19): error TS2307: Cannot find module 'react' or its corresponding type declarations.
../shared/ui-components/ProfileCard.tsx(18,5): error TS7031: Binding element 'avatar' implicitly has an 'any' type.
../shared/ui-components/ProfileCard.tsx(19,5): error TS7031: Binding element 'name' implicitly has an 'any' type.
../shared/ui-components/ProfileCard.tsx(20,5): error TS7031: Binding element 'id' implicitly has an 'any' type.
../shared/ui-components/ProfileCard.tsx(21,5): error TS7031: Binding element 'birthDate' implicitly has an 'any' type.
../shared/ui-components/ProfileCard.tsx(22,5): error TS7031: Binding element 'gender' implicitly has an 'any' type.
../shared/ui-components/ProfileCard.tsx(23,5): error TS7031: Binding element 'bloodType' implicitly has an 'any' type.
../shared/ui-components/ProfileCard.tsx(24,5): error TS7031: Binding element 'onEdit' implicitly has an 'any' type.
../shared/ui-components/ProfileCard.tsx(44,20): error TS7053: Element implicitly has an 'any' type because expression of type 'string' can't be used to index type '{ phoenix: { container: string; text: string; label: string; id: string; button: string; }; polaris: { container: string; text: string; label: string; id: string; button: string; }; }'.
  No index signature with a parameter of type 'string' was found on type '{ phoenix: { container: string; text: string; label: string; id: string; button: string; }; polaris: { container: string; text: string; label: string; id: string; button: string; }; }'.
../shared/ui-components/ProfileCard.tsx(47,9): error TS2875: This JSX tag requires the module path 'react/jsx-runtime' to exist, but none could be found. Make sure you have types for the appropriate package installed.
